#
# There is insufficient memory for the Java Runtime Environment to continue.
# Native memory allocation (malloc) failed to allocate 1048576 bytes for AllocateHeap
# Possible reasons:
#   The system is out of physical RAM or swap space
#   In 32 bit mode, the process size limit was hit
# Possible solutions:
#   Reduce memory load on the system
#   Increase physical memory or swap space
#   Check if swap backing store is full
#   Use 64 bit Java on a 64 bit OS
#   Decrease Java heap size (-Xmx/-Xms)
#   Decrease number of Java threads
#   Decrease Java thread stack sizes (-Xss)
#   Set larger code cache with -XX:ReservedCodeCacheSize=
# This output file may be truncated or incomplete.
#
#  Out of Memory Error (memory/allocation.inline.hpp:61), pid=18864, tid=0x00000000000072e8
#
# JRE version:  (8.0) (build )
# Java VM: OpenJDK 64-Bit Server VM (25.71-b00 mixed mode windows-amd64 compressed oops)
# Failed to write core dump. Minidumps are not enabled by default on client versions of Windows
#

---------------  T H R E A D  ---------------

Current thread (0x0000000002e4e000):  JavaThread "Unknown thread" [_thread_in_vm, id=29416, stack(0x0000000002d10000,0x0000000002e10000)]

Stack: [0x0000000002d10000,0x0000000002e10000]
[error occurred during error reporting (printing stack bounds), id 0xc0000005]

Native frames: (J=compiled Java code, j=interpreted, Vv=VM code, C=native code)


---------------  P R O C E S S  ---------------

Java Threads: ( => current thread )

Other Threads:

=>0x0000000002e4e000 (exited) JavaThread "Unknown thread" [_thread_in_vm, id=29416, stack(0x0000000002d10000,0x0000000002e10000)]

VM state:not at safepoint (normal execution)

VM Mutex/Monitor currently owned by a thread: None

Heap:
 PSYoungGen      total 76288K, used 1310K [0x000000076b400000, 0x0000000770900000, 0x00000007c0000000)
  eden space 65536K, 2% used [0x000000076b400000,0x000000076b547af0,0x000000076f400000)
  from space 10752K, 0% used [0x000000076fe80000,0x000000076fe80000,0x0000000770900000)
  to   space 10752K, 0% used [0x000000076f400000,0x000000076f400000,0x000000076fe80000)
 ParOldGen       total 175104K, used 0K [0x00000006c1c00000, 0x00000006cc700000, 0x000000076b400000)
  object space 175104K, 0% used [0x00000006c1c00000,0x00000006c1c00000,0x00000006cc700000)
 Metaspace       used 777K, capacity 4480K, committed 4480K, reserved 1056768K
  class space    used 74K, capacity 384K, committed 384K, reserved 1048576K

Card table byte_map: [0x0000000012310000,0x0000000012b10000] byte_map_base: 0x000000000ed02000

Marking Bits: (ParMarkBitMap*) 0x0000000068eebe50
 Begin Bits: [0x0000000013460000, 0x00000000173f0000)
 End Bits:   [0x00000000173f0000, 0x000000001b380000)

Polling page: 0x0000000001530000

CodeCache: size=245760Kb used=328Kb max_used=328Kb free=245431Kb
 bounds [0x0000000002f50000, 0x00000000031c0000, 0x0000000011f50000]
 total_blobs=57 nmethods=0 adapters=38
 compilation: enabled

Compilation events (0 events):
No events

GC Heap History (0 events):
No events

Deoptimization events (0 events):
No events

Classes redefined (0 events):
No events

Internal exceptions (0 events):
No events

Events (10 events):
Event: 0.022 loading class java/lang/Short
Event: 0.022 loading class java/lang/Short done
Event: 0.022 loading class java/lang/Integer
Event: 0.022 loading class java/lang/Integer done
Event: 0.022 loading class java/lang/Long
Event: 0.022 loading class java/lang/Long done
Event: 0.023 loading class java/lang/NullPointerException
Event: 0.023 loading class java/lang/NullPointerException done
Event: 0.023 loading class java/lang/ArithmeticException
Event: 0.023 loading class java/lang/ArithmeticException done


Dynamic libraries:
0x00007ff6f5710000 - 0x00007ff6f5745000 	C:\Program Files\Unity\Hub\Editor\2020.3.22f1\Editor\Data\PlaybackEngines\AndroidPlayer\OpenJDK\bin\java.exe
0x00007ffa0f570000 - 0x00007ffa0f784000 	C:\WINDOWS\SYSTEM32\ntdll.dll
0x00007ffa0e070000 - 0x00007ffa0e132000 	C:\WINDOWS\System32\KERNEL32.DLL
0x00007ffa0cdd0000 - 0x00007ffa0d16c000 	C:\WINDOWS\System32\KERNELBASE.dll
0x00007ffa0d680000 - 0x00007ffa0d72e000 	C:\WINDOWS\System32\ADVAPI32.dll
0x00007ffa0e150000 - 0x00007ffa0e1f7000 	C:\WINDOWS\System32\msvcrt.dll
0x00007ffa0df10000 - 0x00007ffa0dfb4000 	C:\WINDOWS\System32\sechost.dll
0x00007ffa0e730000 - 0x00007ffa0e845000 	C:\WINDOWS\System32\RPCRT4.dll
0x00007ffa0d400000 - 0x00007ffa0d5ab000 	C:\WINDOWS\System32\USER32.dll
0x00007ffa0cce0000 - 0x00007ffa0cd06000 	C:\WINDOWS\System32\win32u.dll
0x00007ffa0d640000 - 0x00007ffa0d669000 	C:\WINDOWS\System32\GDI32.dll
0x00007ffa0d1e0000 - 0x00007ffa0d2f2000 	C:\WINDOWS\System32\gdi32full.dll
0x00007ffa0cad0000 - 0x00007ffa0cb6a000 	C:\WINDOWS\System32\msvcp_win.dll
0x00007ffa0c9b0000 - 0x00007ffa0cac1000 	C:\WINDOWS\System32\ucrtbase.dll
0x00007ff9f7b60000 - 0x00007ff9f7dee000 	C:\WINDOWS\WinSxS\amd64_microsoft.windows.common-controls_6595b64144ccf1df_6.0.22621.1_none_60e502bd9af5bef0\COMCTL32.dll
0x00007ffa0f2c0000 - 0x00007ffa0f2f1000 	C:\WINDOWS\System32\IMM32.DLL
0x0000000068f70000 - 0x0000000069042000 	C:\Program Files\Unity\Hub\Editor\2020.3.22f1\Editor\Data\PlaybackEngines\AndroidPlayer\OpenJDK\jre\bin\msvcr100.dll
0x0000000068720000 - 0x0000000068f69000 	C:\Program Files\Unity\Hub\Editor\2020.3.22f1\Editor\Data\PlaybackEngines\AndroidPlayer\OpenJDK\jre\bin\server\jvm.dll
0x00007ffa0f090000 - 0x00007ffa0f098000 	C:\WINDOWS\System32\PSAPI.DLL
0x00007ffa050a0000 - 0x00007ffa050aa000 	C:\WINDOWS\SYSTEM32\VERSION.dll
0x00007ffa06520000 - 0x00007ffa06554000 	C:\WINDOWS\SYSTEM32\WINMM.dll
0x00007ffa09c30000 - 0x00007ffa09c39000 	C:\WINDOWS\SYSTEM32\WSOCK32.dll
0x00007ffa0d5b0000 - 0x00007ffa0d621000 	C:\WINDOWS\System32\WS2_32.dll
0x00007ff9c9360000 - 0x00007ff9c936f000 	C:\Program Files\Unity\Hub\Editor\2020.3.22f1\Editor\Data\PlaybackEngines\AndroidPlayer\OpenJDK\jre\bin\verify.dll
0x00007ff9ae710000 - 0x00007ff9ae739000 	C:\Program Files\Unity\Hub\Editor\2020.3.22f1\Editor\Data\PlaybackEngines\AndroidPlayer\OpenJDK\jre\bin\java.dll
0x00007ff9bb800000 - 0x00007ff9bb816000 	C:\Program Files\Unity\Hub\Editor\2020.3.22f1\Editor\Data\PlaybackEngines\AndroidPlayer\OpenJDK\jre\bin\zip.dll

VM Arguments:
java_command: <unknown>
java_class_path (initial): .
Launcher Type: SUN_STANDARD

Environment Variables:
JAVA_HOME=C:\Program Files\Unity\Hub\Editor\2020.3.22f1\Editor\Data\PlaybackEngines\AndroidPlayer\OpenJDK
PATH=C:\Program Files (x86)\Common Files\Oracle\Java\javapath;C:\WINDOWS\system32;C:\WINDOWS;C:\WINDOWS\System32\Wbem;C:\WINDOWS\System32\WindowsPowerShell\v1.0\;C:\WINDOWS\System32\OpenSSH\;C:\Program Files\NVIDIA Corporation\NVIDIA NvDLISR;C:\Program Files (x86)\NVIDIA Corporation\PhysX\Common;C:\Program Files\Microsoft SQL Server\130\Tools\Binn\;C:\Program Files\Microsoft SQL Server\Client SDK\ODBC\170\Tools\Binn\;C:\Program Files\Microsoft SQL Server\150\Tools\Binn\;C:\Program Files\dotnet\;C:\WINDOWS\system32;C:\WINDOWS;C:\WINDOWS\System32\Wbem;C:\WINDOWS\System32\WindowsPowerShell\v1.0\;C:\WINDOWS\System32\OpenSSH\;C:\Program Files\Git\cmd;C:\Users\danil\AppData\Local\Microsoft\WindowsApps;C:\Users\danil\AppData\Local\GitHubDesktop\bin;C:\Users\danil\AppData\Local\Programs\Microsoft VS Code\bin;C:\Program Files\Unity\Hub\Editor\2020.3.22f1\Editor\Data\PlaybackEngines\AndroidPlayer\OpenJDK\bin;C:\Users\danil\.dotnet\tools;C:\Users\danil\AppData\Local\JetBrains\Toolbox\scripts
USERNAME=danil
OS=Windows_NT
PROCESSOR_IDENTIFIER=Intel64 Family 6 Model 158 Stepping 9, GenuineIntel



---------------  S Y S T E M  ---------------

OS: Windows 10.0 , 64 bit Build 22621 (10.0.22621.1)

CPU:total 4 (initial active 4) (4 cores per cpu, 1 threads per core) family 6 model 158 stepping 9, cmov, cx8, fxsr, mmx, sse, sse2, sse3, ssse3, sse4.1, sse4.2, popcnt, avx, avx2, aes, clmul, erms, 3dnowpref, lzcnt, tsc, tscinvbit, bmi1, bmi2, adx

Memory: 4k page, physical 16658020k(2590692k free), swap 25534256k(5416k free)

vm_info: OpenJDK 64-Bit Server VM (25.71-b00) for windows-amd64 JRE (1.8.0-adoptopenjdk-_2018_05_19_00_59-b00), built on May 19 2018 01:02:12 by "jenkins" with MS VC++ 10.0 (VS2010)

time: Fri Jul 29 19:32:26 2022
elapsed time: 0 seconds (0d 0h 0m 0s)

